This file contains any messages produced by compilers while
running configure, to aid debugging if configure makes a mistake.

It was created by configure, which was
generated by GNU Autoconf 2.61.  Invocation command line was

  $ ./configure --without-libtool --disable-shared --without-sendfile --enable-threads --enable-nonportable-atomics --quiet --enable-debug --with-apr=../apr --without-gdbm --without-ndbm --without-berkeley-db --without-pgsql --without-mysql --without-sqlite2 --without-sqlite3 --without-oracle --without-freetds --without-odbc

## --------- ##
## Platform. ##
## --------- ##

hostname = nb200802
uname -m = i686
uname -r = 2.6.32-23-generic
uname -s = Linux
uname -v = #37-Ubuntu SMP Fri Jun 11 07:54:58 UTC 2010

/usr/bin/uname -p = unknown
/bin/uname -X     = unknown

/bin/arch              = unknown
/usr/bin/arch -k       = unknown
/usr/convex/getsysinfo = unknown
/usr/bin/hostinfo      = unknown
/bin/machine           = unknown
/usr/bin/oslevel       = unknown
/bin/universe          = unknown

PATH: .
PATH: /home/ph/work/trunk/foreign/_install/bin
PATH: /home/ph/ibase/bin
PATH: .
PATH: /home/ph/ibase/bin
PATH: .
PATH: /home/ph/ibase/bin
PATH: /usr/local/sbin
PATH: /usr/local/bin
PATH: /usr/sbin
PATH: /usr/bin
PATH: /sbin
PATH: /bin


## ----------- ##
## Core tests. ##
## ----------- ##

configure:2106: checking build system type
configure:2124: result: i686-pc-linux-gnu
configure:2146: checking host system type
configure:2161: result: i686-pc-linux-gnu
configure:2183: checking target system type
configure:2198: result: i686-pc-linux-gnu
configure:2240: checking for a BSD-compatible install
configure:2296: result: /usr/bin/install -c
configure:2324: checking for working mkdir -p
configure:2340: result: yes
configure:2434: checking for chosen layout
configure:2436: result: apr-util
configure:2610: checking for gcc
configure:2626: found /usr/bin/gcc
configure:2637: result: gcc
configure:2875: checking for C compiler version
configure:2882: gcc --version >&5
gcc (Ubuntu 4.4.3-4ubuntu5) 4.4.3
Copyright (C) 2009 Free Software Foundation, Inc.
This is free software; see the source for copying conditions.  There is NO
warranty; not even for MERCHANTABILITY or FITNESS FOR A PARTICULAR PURPOSE.

configure:2885: $? = 0
configure:2892: gcc -v >&5
Using built-in specs.
Target: i486-linux-gnu
Configured with: ../src/configure -v --with-pkgversion='Ubuntu 4.4.3-4ubuntu5' --with-bugurl=file:///usr/share/doc/gcc-4.4/README.Bugs --enable-languages=c,c++,fortran,objc,obj-c++ --prefix=/usr --enable-shared --enable-multiarch --enable-linker-build-id --with-system-zlib --libexecdir=/usr/lib --without-included-gettext --enable-threads=posix --with-gxx-include-dir=/usr/include/c++/4.4 --program-suffix=-4.4 --enable-nls --enable-clocale=gnu --enable-libstdcxx-debug --enable-plugin --enable-objc-gc --enable-targets=all --disable-werror --with-arch-32=i486 --with-tune=generic --enable-checking=release --build=i486-linux-gnu --host=i486-linux-gnu --target=i486-linux-gnu
Thread model: posix
gcc version 4.4.3 (Ubuntu 4.4.3-4ubuntu5) 
configure:2895: $? = 0
configure:2902: gcc -V >&5
gcc: '-V' option must have argument
configure:2905: $? = 1
configure:2928: checking for C compiler default output file name
configure:2955: gcc    conftest.c  >&5
configure:2958: $? = 0
configure:2996: result: a.out
configure:3013: checking whether the C compiler works
configure:3023: ./a.out
configure:3026: $? = 0
configure:3043: result: yes
configure:3050: checking whether we are cross compiling
configure:3052: result: no
configure:3055: checking for suffix of executables
configure:3062: gcc -o conftest    conftest.c  >&5
configure:3065: $? = 0
configure:3089: result: 
configure:3095: checking for suffix of object files
configure:3121: gcc -c   conftest.c >&5
configure:3124: $? = 0
configure:3147: result: o
configure:3151: checking whether we are using the GNU C compiler
configure:3180: gcc -c   conftest.c >&5
configure:3186: $? = 0
configure:3203: result: yes
configure:3208: checking whether gcc accepts -g
configure:3238: gcc -c -g  conftest.c >&5
configure:3244: $? = 0
configure:3343: result: yes
configure:3360: checking for gcc option to accept ISO C89
configure:3434: gcc  -c -g -O2  conftest.c >&5
configure:3440: $? = 0
configure:3463: result: none needed
configure:3665: checking for APR
configure:3750: result: yes
configure:4007: checking how to run the C preprocessor
configure:4123: result: gcc -E
configure:4152: gcc -E  -DLINUX=2 -D_REENTRANT -D_GNU_SOURCE -D_LARGEFILE64_SOURCE conftest.c
configure:4158: $? = 0
configure:4189: gcc -E  -DLINUX=2 -D_REENTRANT -D_GNU_SOURCE -D_LARGEFILE64_SOURCE conftest.c
conftest.c:8:28: error: ac_nonexistent.h: No such file or directory
configure:4195: $? = 1
configure: failed program was:
| /* confdefs.h.  */
| #define PACKAGE_NAME ""
| #define PACKAGE_TARNAME ""
| #define PACKAGE_VERSION ""
| #define PACKAGE_STRING ""
| #define PACKAGE_BUGREPORT ""
| /* end confdefs.h.  */
| #include <ac_nonexistent.h>
configure:4233: checking for grep that handles long lines and -e
configure:4307: result: /bin/grep
configure:4312: checking for egrep
configure:4390: result: /bin/grep -E
configure:4395: checking for ANSI C header files
configure:4425: gcc -c -g -O2 -Wall -pthread  -DLINUX=2 -D_REENTRANT -D_GNU_SOURCE -D_LARGEFILE64_SOURCE conftest.c >&5
configure:4431: $? = 0
configure:4530: gcc -o conftest -g -O2 -Wall -pthread  -DLINUX=2 -D_REENTRANT -D_GNU_SOURCE -D_LARGEFILE64_SOURCE  conftest.c  >&5
configure:4533: $? = 0
configure:4539: ./conftest
configure:4542: $? = 0
configure:4559: result: yes
configure:4583: checking for sys/types.h
configure:4604: gcc -c -g -O2 -Wall -pthread  -DLINUX=2 -D_REENTRANT -D_GNU_SOURCE -D_LARGEFILE64_SOURCE conftest.c >&5
configure:4610: $? = 0
configure:4626: result: yes
configure:4583: checking for sys/stat.h
configure:4604: gcc -c -g -O2 -Wall -pthread  -DLINUX=2 -D_REENTRANT -D_GNU_SOURCE -D_LARGEFILE64_SOURCE conftest.c >&5
configure:4610: $? = 0
configure:4626: result: yes
configure:4583: checking for stdlib.h
configure:4604: gcc -c -g -O2 -Wall -pthread  -DLINUX=2 -D_REENTRANT -D_GNU_SOURCE -D_LARGEFILE64_SOURCE conftest.c >&5
configure:4610: $? = 0
configure:4626: result: yes
configure:4583: checking for string.h
configure:4604: gcc -c -g -O2 -Wall -pthread  -DLINUX=2 -D_REENTRANT -D_GNU_SOURCE -D_LARGEFILE64_SOURCE conftest.c >&5
configure:4610: $? = 0
configure:4626: result: yes
configure:4583: checking for memory.h
configure:4604: gcc -c -g -O2 -Wall -pthread  -DLINUX=2 -D_REENTRANT -D_GNU_SOURCE -D_LARGEFILE64_SOURCE conftest.c >&5
configure:4610: $? = 0
configure:4626: result: yes
configure:4583: checking for strings.h
configure:4604: gcc -c -g -O2 -Wall -pthread  -DLINUX=2 -D_REENTRANT -D_GNU_SOURCE -D_LARGEFILE64_SOURCE conftest.c >&5
configure:4610: $? = 0
configure:4626: result: yes
configure:4583: checking for inttypes.h
configure:4604: gcc -c -g -O2 -Wall -pthread  -DLINUX=2 -D_REENTRANT -D_GNU_SOURCE -D_LARGEFILE64_SOURCE conftest.c >&5
configure:4610: $? = 0
configure:4626: result: yes
configure:4583: checking for stdint.h
configure:4604: gcc -c -g -O2 -Wall -pthread  -DLINUX=2 -D_REENTRANT -D_GNU_SOURCE -D_LARGEFILE64_SOURCE conftest.c >&5
configure:4610: $? = 0
configure:4626: result: yes
configure:4583: checking for unistd.h
configure:4604: gcc -c -g -O2 -Wall -pthread  -DLINUX=2 -D_REENTRANT -D_GNU_SOURCE -D_LARGEFILE64_SOURCE conftest.c >&5
configure:4610: $? = 0
configure:4626: result: yes
configure:36500: checking for default DBM
configure:36502: result: sdbm (default)
configure:44703: checking Expat 1.95.x
configure:44733: gcc -o conftest -g -O2 -Wall -pthread  -DLINUX=2 -D_REENTRANT -D_GNU_SOURCE -D_LARGEFILE64_SOURCE  conftest.c  -lexpat >&5
configure:44739: $? = 0
configure:44758: result: yes
configure:45557: checking iconv.h usability
configure:45574: gcc -c -g -O2 -Wall -pthread  -DLINUX=2 -D_REENTRANT -D_GNU_SOURCE -D_LARGEFILE64_SOURCE conftest.c >&5
configure:45580: $? = 0
configure:45594: result: yes
configure:45598: checking iconv.h presence
configure:45613: gcc -E  -DLINUX=2 -D_REENTRANT -D_GNU_SOURCE -D_LARGEFILE64_SOURCE conftest.c
configure:45619: $? = 0
configure:45633: result: yes
configure:45661: checking for iconv.h
configure:45668: result: yes
configure:45702: gcc -o conftest -g -O2 -Wall -pthread  -DLINUX=2 -D_REENTRANT -D_GNU_SOURCE -D_LARGEFILE64_SOURCE  conftest.c  >&5
configure:45708: $? = 0
configure:45967: checking for type of inbuf parameter to iconv
configure:45994: gcc -c -g -O2 -Wall -pthread  -Werror  -DLINUX=2 -D_REENTRANT -D_GNU_SOURCE -D_LARGEFILE64_SOURCE conftest.c >&5
configure:46000: $? = 0
configure:46027: result: char **
configure:46039: checking for iconv.h
configure:46045: result: yes
configure:46049: checking langinfo.h usability
configure:46066: gcc -c -g -O2 -Wall -pthread  -DLINUX=2 -D_REENTRANT -D_GNU_SOURCE -D_LARGEFILE64_SOURCE conftest.c >&5
configure:46072: $? = 0
configure:46086: result: yes
configure:46090: checking langinfo.h presence
configure:46105: gcc -E  -DLINUX=2 -D_REENTRANT -D_GNU_SOURCE -D_LARGEFILE64_SOURCE conftest.c
configure:46111: $? = 0
configure:46125: result: yes
configure:46153: checking for langinfo.h
configure:46161: result: yes
configure:46190: checking for nl_langinfo
configure:46246: gcc -o conftest -g -O2 -Wall -pthread  -DLINUX=2 -D_REENTRANT -D_GNU_SOURCE -D_LARGEFILE64_SOURCE  conftest.c  >&5
configure:46252: $? = 0
configure:46270: result: yes
configure:46291: checking for CODESET in langinfo.h
configure:46320: result: yes
configure:46400: checking for library containing crypt
configure:46441: gcc -o conftest -g -O2 -Wall -pthread  -DLINUX=2 -D_REENTRANT -D_GNU_SOURCE -D_LARGEFILE64_SOURCE  conftest.c  >&5
/tmp/ccG02tcM.o: In function `main':
/home/ph/work/trunk/foreign/apr/apr-util/conftest.c:35: undefined reference to `crypt'
collect2: ld returned 1 exit status
configure:46447: $? = 1
configure: failed program was:
| /* confdefs.h.  */
| #define PACKAGE_NAME ""
| #define PACKAGE_TARNAME ""
| #define PACKAGE_VERSION ""
| #define PACKAGE_STRING ""
| #define PACKAGE_BUGREPORT ""
| #define STDC_HEADERS 1
| #define HAVE_SYS_TYPES_H 1
| #define HAVE_SYS_STAT_H 1
| #define HAVE_STDLIB_H 1
| #define HAVE_STRING_H 1
| #define HAVE_MEMORY_H 1
| #define HAVE_STRINGS_H 1
| #define HAVE_INTTYPES_H 1
| #define HAVE_STDINT_H 1
| #define HAVE_UNISTD_H 1
| #define HAVE_EXPAT_H 1
| #define HAVE_ICONV_H 1
| #define HAVE_LANGINFO_H 1
| #define HAVE_NL_LANGINFO 1
| #define HAVE_CODESET 1
| #define APU_DSO_BUILD 1
| /* end confdefs.h.  */
| 
| /* Override any GCC internal prototype to avoid an error.
|    Use char because int might match the return type of a GCC
|    builtin and then its argument prototype would still apply.  */
| #ifdef __cplusplus
| extern "C"
| #endif
| char crypt ();
| int
| main ()
| {
| return crypt ();
|   ;
|   return 0;
| }
configure:46441: gcc -o conftest -g -O2 -Wall -pthread  -DLINUX=2 -D_REENTRANT -D_GNU_SOURCE -D_LARGEFILE64_SOURCE  conftest.c -lcrypt   >&5
configure:46447: $? = 0
configure:46475: result: -lcrypt
configure:46483: checking if system crypt() function is threadsafe
configure:46495: result: no
configure:46502: checking for crypt_r
configure:46558: gcc -o conftest -g -O2 -Wall -pthread  -DLINUX=2 -D_REENTRANT -D_GNU_SOURCE -D_LARGEFILE64_SOURCE  conftest.c -lcrypt  >&5
configure:46564: $? = 0
configure:46582: result: yes
configure:46597: checking style of crypt_r
configure:46624: gcc -c -g -O2 -Wall -pthread  -DLINUX=2 -D_REENTRANT -D_GNU_SOURCE -D_LARGEFILE64_SOURCE conftest.c >&5
conftest.c: In function 'main':
conftest.c:29: error: 'CRYPTD' undeclared (first use in this function)
conftest.c:29: error: (Each undeclared identifier is reported only once
conftest.c:29: error: for each function it appears in.)
conftest.c:29: error: expected ';' before 'buffer'
conftest.c:30: error: 'buffer' undeclared (first use in this function)
configure:46630: $? = 1
configure: failed program was:
| /* confdefs.h.  */
| #define PACKAGE_NAME ""
| #define PACKAGE_TARNAME ""
| #define PACKAGE_VERSION ""
| #define PACKAGE_STRING ""
| #define PACKAGE_BUGREPORT ""
| #define STDC_HEADERS 1
| #define HAVE_SYS_TYPES_H 1
| #define HAVE_SYS_STAT_H 1
| #define HAVE_STDLIB_H 1
| #define HAVE_STRING_H 1
| #define HAVE_MEMORY_H 1
| #define HAVE_STRINGS_H 1
| #define HAVE_INTTYPES_H 1
| #define HAVE_STDINT_H 1
| #define HAVE_UNISTD_H 1
| #define HAVE_EXPAT_H 1
| #define HAVE_ICONV_H 1
| #define HAVE_LANGINFO_H 1
| #define HAVE_NL_LANGINFO 1
| #define HAVE_CODESET 1
| #define APU_DSO_BUILD 1
| #define HAVE_CRYPT_R 1
| /* end confdefs.h.  */
| #include <crypt.h>
| int
| main ()
| {
| CRYPTD buffer;
|   crypt_r("passwd", "hash", &buffer);
|   ;
|   return 0;
| }
configure:46662: gcc -c -g -O2 -Wall -pthread  -DLINUX=2 -D_REENTRANT -D_GNU_SOURCE -D_LARGEFILE64_SOURCE conftest.c >&5
configure:46668: $? = 0
configure:46686: result: struct_crypt_data
configure:46910: creating ./config.status

## ---------------------- ##
## Running config.status. ##
## ---------------------- ##

This file was extended by config.status, which was
generated by GNU Autoconf 2.61.  Invocation command line was

  CONFIG_FILES    = 
  CONFIG_HEADERS  = 
  CONFIG_LINKS    = 
  CONFIG_COMMANDS = 
  $ ./config.status --quiet

on nb200802

config.status:710: creating Makefile
config.status:710: creating export_vars.sh
config.status:710: creating build/pkg/pkginfo
config.status:710: creating apr-util.pc
config.status:710: creating apu-1-config
config.status:710: creating include/private/apu_select_dbm.h
config.status:710: creating include/apr_ldap.h
config.status:710: creating include/apu.h
config.status:710: creating include/apu_want.h
config.status:710: creating test/Makefile
config.status:710: creating include/private/apu_config.h
config.status:950: executing default commands

## ---------------- ##
## Cache variables. ##
## ---------------- ##

ac_cv_build=i686-pc-linux-gnu
ac_cv_c_compiler_gnu=yes
ac_cv_define_CODESET=yes
ac_cv_env_CC_set=
ac_cv_env_CC_value=
ac_cv_env_CFLAGS_set=
ac_cv_env_CFLAGS_value=
ac_cv_env_CPPFLAGS_set=
ac_cv_env_CPPFLAGS_value=
ac_cv_env_CPP_set=
ac_cv_env_CPP_value=
ac_cv_env_LDFLAGS_set=
ac_cv_env_LDFLAGS_value=
ac_cv_env_LIBS_set=
ac_cv_env_LIBS_value=
ac_cv_env_build_alias_set=
ac_cv_env_build_alias_value=
ac_cv_env_host_alias_set=
ac_cv_env_host_alias_value=
ac_cv_env_target_alias_set=
ac_cv_env_target_alias_value=
ac_cv_func_crypt_r=yes
ac_cv_func_nl_langinfo=yes
ac_cv_header_iconv_h=yes
ac_cv_header_inttypes_h=yes
ac_cv_header_langinfo_h=yes
ac_cv_header_memory_h=yes
ac_cv_header_stdc=yes
ac_cv_header_stdint_h=yes
ac_cv_header_stdlib_h=yes
ac_cv_header_string_h=yes
ac_cv_header_strings_h=yes
ac_cv_header_sys_stat_h=yes
ac_cv_header_sys_types_h=yes
ac_cv_header_unistd_h=yes
ac_cv_host=i686-pc-linux-gnu
ac_cv_mkdir_p=yes
ac_cv_objext=o
ac_cv_path_EGREP='/bin/grep -E'
ac_cv_path_GREP=/bin/grep
ac_cv_path_install='/usr/bin/install -c'
ac_cv_prog_CPP='gcc -E'
ac_cv_prog_ac_ct_CC=gcc
ac_cv_prog_cc_c89=
ac_cv_prog_cc_g=yes
ac_cv_search_crypt=-lcrypt
ac_cv_target=i686-pc-linux-gnu
apr_cv_crypt_r_style=struct_crypt_data
apu_cv_expat_system=yes

## ----------------- ##
## Output variables. ##
## ----------------- ##

APRUTIL_DOTTED_VERSION='1.3.4'
APRUTIL_EXPORT_LIBS='-lexpat'
APRUTIL_INCLUDES=''
APRUTIL_LDFLAGS=''
APRUTIL_LIBNAME='aprutil-${APRUTIL_MAJOR_VERSION}'
APRUTIL_LIBS='-lexpat /home/ph/work/trunk/foreign/apr/apr/libapr-1.la -luuid -lrt -lcrypt -lpthread -ldl'
APRUTIL_MAJOR_VERSION='1'
APRUTIL_PRIV_INCLUDES='-I/home/ph/work/trunk/foreign/apr/apr-util/include -I/home/ph/work/trunk/foreign/apr/apr-util/include/private'
APR_BUILD_DIR='/home/ph/work/trunk/foreign/apr/apr/build'
APR_ICONV_DIR=''
APR_INCLUDES=' -I/home/ph/work/trunk/foreign/apr/apr/include '
APR_LIBS=' /home/ph/work/trunk/foreign/apr/apr/libapr-1.la -luuid -lrt -lcrypt  -lpthread -ldl'
APR_XML_DIR=''
APU_CONFIG_LOCATION='source'
APU_DSO_LIBDIR='${libdir}/apr-util-1'
APU_HAVE_MODULES='no'
APU_LTVERSION='-version-info 3:4:3'
APU_MODULES=''
CC='gcc'
CFLAGS='-g -O2 -Wall -pthread'
CPP='gcc -E'
CPPFLAGS=' -DLINUX=2 -D_REENTRANT -D_GNU_SOURCE -D_LARGEFILE64_SOURCE'
DEFS='-DHAVE_CONFIG_H'
ECHO_C=''
ECHO_N='-n'
ECHO_T=''
EGREP='/bin/grep -E'
EXEEXT=''
EXTRA_OBJECTS=''
GREP='/bin/grep'
INCLUDE_OUTPUTS='include /home/ph/work/trunk/foreign/apr/apr-util/build-outputs.mk'
INCLUDE_RULES='include /home/ph/work/trunk/foreign/apr/apr-util/build/rules.mk'
INSTALL_DATA='${INSTALL} -m 644'
INSTALL_PROGRAM='${INSTALL}'
INSTALL_SCRIPT='${INSTALL}'
LDADD_dbd_freetds=''
LDADD_dbd_mysql=''
LDADD_dbd_odbc=''
LDADD_dbd_oracle=''
LDADD_dbd_pgsql=''
LDADD_dbd_sqlite2=''
LDADD_dbd_sqlite3=''
LDADD_ldap=''
LDFLAGS=''
LIBOBJS=''
LIBS='-lcrypt '
LTLIBOBJS=''
LT_NO_INSTALL='-no-install'
MYSQL_CONFIG=''
OBJEXT='o'
ODBC_CONFIG=''
PACKAGE_BUGREPORT=''
PACKAGE_NAME=''
PACKAGE_STRING=''
PACKAGE_TARNAME=''
PACKAGE_VERSION=''
PATH_SEPARATOR=':'
PGSQL_CONFIG=''
SHELL='/bin/bash'
abs_builddir='/home/ph/work/trunk/foreign/apr/apr-util'
abs_srcdir='/home/ph/work/trunk/foreign/apr/apr-util'
ac_ct_CC='gcc'
apr_shlibpath_var='LD_LIBRARY_PATH'
apu_db_header='db.h'
apu_db_version='0'
apu_has_ldap='0'
apu_has_ldap_microsoft='0'
apu_has_ldap_mozilla='0'
apu_has_ldap_netscape='0'
apu_has_ldap_novell='0'
apu_has_ldap_openldap='0'
apu_has_ldap_other='0'
apu_has_ldap_solaris='0'
apu_has_ldap_sslinit='0'
apu_has_ldap_start_tls_s='0'
apu_has_ldap_tivoli='0'
apu_has_ldap_zos='0'
apu_has_ldapssl_add_trusted_cert='0'
apu_has_ldapssl_client_deinit='0'
apu_has_ldapssl_client_init='0'
apu_has_ldapssl_init='0'
apu_has_ldapssl_install_routines='0'
apu_have_db='0'
apu_have_freetds='0'
apu_have_gdbm='0'
apu_have_mysql='0'
apu_have_ndbm='0'
apu_have_odbc='0'
apu_have_oracle='0'
apu_have_pgsql='0'
apu_have_sdbm='1'
apu_have_sqlite2='0'
apu_have_sqlite3='0'
apu_use_db='0'
apu_use_gdbm='0'
apu_use_ndbm='0'
apu_use_sdbm='1'
bindir='${exec_prefix}/bin'
build='i686-pc-linux-gnu'
build_alias=''
build_cpu='i686'
build_os='linux-gnu'
build_vendor='pc'
datadir='${prefix}'
datarootdir='${prefix}/share'
docdir='${datarootdir}/doc/${PACKAGE}'
dvidir='${docdir}'
exec_prefix='${prefix}'
have_apr_iconv='0'
have_iconv='1'
host='i686-pc-linux-gnu'
host_alias=''
host_cpu='i686'
host_os='linux-gnu'
host_vendor='pc'
htmldir='${docdir}'
includedir='${prefix}/include/apr-${APRUTIL_MAJOR_VERSION}'
infodir='${datarootdir}/info'
lber_h=''
ldap_h=''
ldap_ssl_h=''
lib_target=''
libdir='${exec_prefix}/lib'
libexecdir='${exec_prefix}/modules'
localedir='${datarootdir}/locale'
localstatedir='${prefix}'
mandir='${prefix}/man'
oldincludedir='/usr/include'
pdfdir='${docdir}'
prefix='/usr/local/apr'
program_transform_name='s,x,x,'
psdir='${docdir}'
sbindir='${exec_prefix}/bin'
sharedstatedir='${prefix}/com'
so_ext='o'
sysconfdir='${prefix}/conf'
target='i686-pc-linux-gnu'
target_alias=''
target_cpu='i686'
target_os='linux-gnu'
target_vendor='pc'
top_builddir='/home/ph/work/trunk/foreign/apr/apr-util'

## ----------- ##
## confdefs.h. ##
## ----------- ##

#define PACKAGE_NAME ""
#define PACKAGE_TARNAME ""
#define PACKAGE_VERSION ""
#define PACKAGE_STRING ""
#define PACKAGE_BUGREPORT ""
#define STDC_HEADERS 1
#define HAVE_SYS_TYPES_H 1
#define HAVE_SYS_STAT_H 1
#define HAVE_STDLIB_H 1
#define HAVE_STRING_H 1
#define HAVE_MEMORY_H 1
#define HAVE_STRINGS_H 1
#define HAVE_INTTYPES_H 1
#define HAVE_STDINT_H 1
#define HAVE_UNISTD_H 1
#define HAVE_EXPAT_H 1
#define HAVE_ICONV_H 1
#define HAVE_LANGINFO_H 1
#define HAVE_NL_LANGINFO 1
#define HAVE_CODESET 1
#define APU_DSO_BUILD 1
#define HAVE_CRYPT_R 1
#define CRYPT_R_STRUCT_CRYPT_DATA 1
#define APU_DSO_LIBDIR "/usr/local/apr/lib/apr-util-1"

configure: exit 0
